<?xml version="1.0" encoding="UTF-8"?>
<!-- Generated by org.testng.reporters.JUnitReportReporter -->
<testsuite skipped="0" hostname="LAPTOP-9LFVJ4HB" name="com.pearson.testscript.Test1" tests="1" failures="0" timestamp="14 Mar 2021 13:27:24 GMT" time="11.699" errors="0">
  <testcase name="testblock" time="11.699" classname="com.pearson.testscript.Test1"/>
</testsuite> <!-- com.pearson.testscript.Test1 -->
